[INFO] Scanning for projects...
[INFO] 
[INFO] ------------------< br.com.ia369:prospecting-service >------------------
[INFO] Building prospecting-service 0.0.1-SNAPSHOT
[INFO]   from pom.xml
[INFO] --------------------------------[ jar ]---------------------------------
[INFO] 
[INFO] --- resources:3.3.1:resources (default-resources) @ prospecting-service ---
[INFO] Copying 1 resource from src\main\resources to target\classes
[INFO] Copying 0 resource from src\main\resources to target\classes
[INFO] 
[INFO] --- compiler:3.13.0:compile (default-compile) @ prospecting-service ---
[INFO] Recompiling the module because of changed source code.
[INFO] Compiling 12 source files with javac [debug parameters release 21] to target\classes
[INFO] 
[INFO] --- resources:3.3.1:testResources (default-testResources) @ prospecting-service ---
[INFO] Copying 1 resource from src\test\resources to target\test-classes
[INFO] 
[INFO] --- compiler:3.13.0:testCompile (default-testCompile) @ prospecting-service ---
[INFO] Recompiling the module because of changed dependency.
[INFO] Compiling 1 source file with javac [debug parameters release 21] to target\test-classes
[INFO] -------------------------------------------------------------
[ERROR] COMPILATION ERROR : 
[INFO] -------------------------------------------------------------
[ERROR] /C:/Projetos/IA369/QR369-GCP/prospecting-service/src/test/java/br/com/ia369/prospecting_service/controller/CnpjControllerTest.java:[4,48] cannot find symbol
  symbol:   class ICnpjService
  location: package br.com.ia369.prospecting_service.service
[ERROR] /C:/Projetos/IA369/QR369-GCP/prospecting-service/src/test/java/br/com/ia369/prospecting_service/controller/CnpjControllerTest.java:[21,13] cannot find symbol
  symbol:   class ICnpjService
  location: class br.com.ia369.prospecting_service.controller.CnpjControllerTest
[INFO] 2 errors 
[INFO] -------------------------------------------------------------
[INFO] ------------------------------------------------------------------------
[INFO] BUILD FAILURE
[INFO] ------------------------------------------------------------------------
[INFO] Total time:  9.624 s
[INFO] Finished at: 2026-07-11T17:23:39-03:00
[INFO] ------------------------------------------------------------------------
[ERROR] Failed to execute goal org.apache.maven.plugins:maven-compiler-plugin:3.13.0:testCompile (default-testCompile) on project prospecting-service: Compilation failure: Compilation failure: 
[ERROR] /C:/Projetos/IA369/QR369-GCP/prospecting-service/src/test/java/br/com/ia369/prospecting_service/controller/CnpjControllerTest.java:[4,48] cannot find symbol
[ERROR]   symbol:   class ICnpjService
[ERROR]   location: package br.com.ia369.prospecting_service.service
[ERROR] /C:/Projetos/IA369/QR369-GCP/prospecting-service/src/test/java/br/com/ia369/prospecting_service/controller/CnpjControllerTest.java:[21,13] cannot find symbol
[ERROR]   symbol:   class ICnpjService
[ERROR]   location: class br.com.ia369.prospecting_service.controller.CnpjControllerTest
[ERROR] -> [Help 1]
[ERROR] 
[ERROR] To see the full stack trace of the errors, re-run Maven with the -e switch.
[ERROR] Re-run Maven using the -X switch to enable full debug logging.
[ERROR] 
[ERROR] For more information about the errors and possible solutions, please read the following articles:
[ERROR] [Help 1] http://cwiki.apache.org/confluence/display/MAVEN/MojoFailureException
